Flutter crash report; please file at https://github.com/flutter/flutter/issues.

## command

flutter --no-color packages get

## exception

YamlException: Error on line 12, column 3: Duplicate mapping key.
  cupertino_icons: ^0.1.0
  ^^^^^^^^^^^^^^^

```
#0      Loader._loadMapping (package:yaml/src/loader.dart:167)
#1      Loader._loadNode (package:yaml/src/loader.dart:86)
#2      Loader._loadMapping (package:yaml/src/loader.dart:165)
#3      Loader._loadNode (package:yaml/src/loader.dart:86)
#4      Loader._loadDocument (package:yaml/src/loader.dart:62)
#5      Loader.load (package:yaml/src/loader.dart:54)
#6      loadYamlDocument (package:yaml/yaml.dart:51)
#7      loadYamlNode (package:yaml/yaml.dart:42)
#8      loadYaml (package:yaml/yaml.dart:34)
#9      _pluginFromPubspec (package:flutter_tools/src/plugins.dart:52)
#10     _findPlugins.<anonymous closure> (package:flutter_tools/src/plugins.dart:75)
#11     _HashVMBase&MapMixin&&_LinkedHashMapMixin.forEach (dart:collection-patch/dart:collection/compact_hash.dart:363)
#12     _findPlugins (package:flutter_tools/src/plugins.dart:73)
#13     injectPlugins (package:flutter_tools/src/plugins.dart:234)
#14     FlutterProject.ensureReadyForPlatformSpecificTooling (package:flutter_tools/src/project.dart:62)
#15     PackagesGetCommand.runCommand (package:flutter_tools/src/commands/packages.dart:85)
<asynchronous suspension>
#16     FlutterCommand.verifyThenRunCommand (package:flutter_tools/src/runner/flutter_command.dart:344)
<asynchronous suspension>
#17     FlutterCommand.run.<anonymous closure> (package:flutter_tools/src/runner/flutter_command.dart:279)
<asynchronous suspension>
#18     AppContext.run.<anonymous closure> (package:flutter_tools/src/base/context.dart:142)
<asynchronous suspension>
#19     _rootRun (dart:async/zone.dart:1126)
#20     _CustomZone.run (dart:async/zone.dart:1023)
#21     runZoned (dart:async/zone.dart:1501)
#22     AppContext.run (package:flutter_tools/src/base/context.dart:141)
<asynchronous suspension>
#23     FlutterCommand.run (package:flutter_tools/src/runner/flutter_command.dart:270)
#24     CommandRunner.runCommand (package:args/command_runner.dart:194)
<asynchronous suspension>
#25     FlutterCommandRunner.runCommand.<anonymous closure> (package:flutter_tools/src/runner/flutter_command_runner.dart:309)
<asynchronous suspension>
#26     AppContext.run.<anonymous closure> (package:flutter_tools/src/base/context.dart:142)
<asynchronous suspension>
#27     _rootRun (dart:async/zone.dart:1126)
#28     _CustomZone.run (dart:async/zone.dart:1023)
#29     runZoned (dart:async/zone.dart:1501)
#30     AppContext.run (package:flutter_tools/src/base/context.dart:141)
<asynchronous suspension>
#31     FlutterCommandRunner.runCommand (package:flutter_tools/src/runner/flutter_command_runner.dart:265)
<asynchronous suspension>
#32     CommandRunner.run.<anonymous closure> (package:args/command_runner.dart:109)
#33     new Future.sync (dart:async/future.dart:222)
#34     CommandRunner.run (package:args/command_runner.dart:109)
#35     FlutterCommandRunner.run (package:flutter_tools/src/runner/flutter_command_runner.dart:174)
#36     run.<anonymous closure> (package:flutter_tools/runner.dart:59)
<asynchronous suspension>
#37     AppContext.run.<anonymous closure> (package:flutter_tools/src/base/context.dart:142)
<asynchronous suspension>
#38     _rootRun (dart:async/zone.dart:1126)
#39     _CustomZone.run (dart:async/zone.dart:1023)
#40     runZoned (dart:async/zone.dart:1501)
#41     AppContext.run (package:flutter_tools/src/base/context.dart:141)
<asynchronous suspension>
#42     runInContext (package:flutter_tools/src/context_runner.dart:43)
<asynchronous suspension>
#43     run (package:flutter_tools/runner.dart:50)
#44     main (package:flutter_tools/executable.dart:49)
<asynchronous suspension>
#45     main (file:///b/build/slave/Mac_Flutter_Packaging/build/archive/flutter/packages/flutter_tools/bin/flutter_tools.dart:8)
#46     _startIsolate.<anonymous closure> (dart:isolate-patch/dart:isolate/isolate_patch.dart:277)
#47     _RawReceivePortImpl._handleMessage (dart:isolate-patch/dart:isolate/isolate_patch.dart:165)
```

## flutter doctor

```
[✓] Flutter (Channel beta, v0.5.1, on Mac OS X 10.13.6 17G65, locale pl-PL)
    • Flutter version 0.5.1 at /Users/marcin/Documents/flutter
    • Framework revision c7ea3ca377 (3 months ago), 2018-05-29 21:07:33 +0200
    • Engine revision 1ed25ca7b7
    • Dart version 2.0.0-dev.58.0.flutter-f981f09760

[✓] Android toolchain - develop for Android devices (Android SDK 28.0.2)
    • Android SDK at /Users/marcin/Library/Android/sdk
    • Android NDK location not configured (optional; useful for native profiling support)
    • Platform android-28, build-tools 28.0.2
    • ANDROID_HOME = /Users/marcin/Library/Android/sdk
    • Java binary at: /Applications/Android Studio.app/Contents/jre/jdk/Contents/Home/bin/java
    • Java version OpenJDK Runtime Environment (build 1.8.0_152-release-1024-b01)
    • All Android licenses accepted.

[!] iOS toolchain - develop for iOS devices
    ✗ Xcode installation is incomplete; a full installation is necessary for iOS development.
      Download at: https://developer.apple.com/xcode/download/
      Or install Xcode via the App Store.
      Once installed, run:
        sudo xcode-select --switch /Applications/Xcode.app/Contents/Developer
    ✗ Brew not installed; use this to install tools for iOS device development.
      Download brew at https://brew.sh/.

[✓] Android Studio
    • Android Studio at /Applications/Android Studio 3.3 Preview.app/Contents
    ✗ Flutter plugin not installed; this adds Flutter specific functionality.
    ✗ Dart plugin not installed; this adds Dart specific functionality.
    • Java version OpenJDK Runtime Environment (build 1.8.0_152-release-1136-b04)

[✓] Android Studio (version 3.1)
    • Android Studio at /Applications/Android Studio.app/Contents
    • Flutter plugin version 27.1.1
    • Dart plugin version 173.4700
    • Java version OpenJDK Runtime Environment (build 1.8.0_152-release-1024-b01)

[!] IntelliJ IDEA Community Edition (version 2018.1.6)
    • IntelliJ at /Applications/IntelliJ IDEA CE.app
    ✗ Flutter plugin not installed; this adds Flutter specific functionality.
    ✗ Dart plugin not installed; this adds Dart specific functionality.
    • For information about installing plugins, see
      https://flutter.io/intellij-setup/#installing-the-plugins

[✓] Connected devices (1 available)
    • D2303 • ZH8007FFJ7 • android-arm • Android 5.1.1 (API 22)

! Doctor found issues in 2 categories.
```
